<?xml version="1.0" encoding="UTF-8"?>
<testng-results skipped="0" failed="0" total="1" passed="1">
  <reporter-output>
  </reporter-output>
  <suite name="Default suite" duration-ms="1222" started-at="2019-07-09T02:45:05Z" finished-at="2019-07-09T02:45:06Z">
    <groups>
    </groups>
    <test name="Default test" duration-ms="1222" started-at="2019-07-09T02:45:05Z" finished-at="2019-07-09T02:45:06Z">
      <class name="com.course.cases.AddUserInfoTest">
        <test-method status="PASS" signature="addUser()[pri:0, instance:com.course.cases.AddUserInfoTest@6e3c1e69]" name="addUser" duration-ms="1212" started-at="2019-07-09T10:45:05Z" finished-at="2019-07-09T10:45:06Z">
          <reporter-output>
          </reporter-output>
        </test-method> <!-- addUser -->
      </class> <!-- com.course.cases.AddUserInfoTest -->
    </test> <!-- Default test -->
  </suite> <!-- Default suite -->
</testng-results>
